2015-12-10 03:30:18 Error: [Cake\Routing\Exception\MissingControllerException] Controller class Login could not be found.
Exception Attributes: array (
  'class' => 'Login',
  'plugin' => NULL,
  'prefix' => NULL,
  '_ext' => NULL,
)
Request URL: /brar/login
Stack Trace:
#0 C:\wamp\www\brar\webroot\index.php(37): Cake\Routing\Dispatcher->dispatch(Object(Cake\Network\Request), Object(Cake\Network\Response))
#1 {main}


2015-12-10 03:31:09 Error: [Cake\Routing\Exception\MissingControllerException] Controller class Brar could not be found.
Exception Attributes: array (
  'class' => 'Brar',
  'plugin' => NULL,
  'prefix' => NULL,
  '_ext' => NULL,
)
Request URL: /brar/brar
Stack Trace:
#0 C:\wamp\www\brar\webroot\index.php(37): Cake\Routing\Dispatcher->dispatch(Object(Cake\Network\Request), Object(Cake\Network\Response))
#1 {main}


2015-12-10 03:31:23 Error: [Cake\Routing\Exception\MissingControllerException] Controller class User could not be found.
Exception Attributes: array (
  'class' => 'User',
  'plugin' => NULL,
  'prefix' => NULL,
  '_ext' => NULL,
)
Request URL: /brar/user/login
Stack Trace:
#0 C:\wamp\www\brar\webroot\index.php(37): Cake\Routing\Dispatcher->dispatch(Object(Cake\Network\Request), Object(Cake\Network\Response))
#1 {main}


2015-12-10 03:32:24 Error: [Cake\Routing\Exception\MissingControllerException] Controller class Login could not be found.
Exception Attributes: array (
  'class' => 'Login',
  'plugin' => NULL,
  'prefix' => NULL,
  '_ext' => NULL,
)
Request URL: /brar/login
Stack Trace:
#0 C:\wamp\www\brar\webroot\index.php(37): Cake\Routing\Dispatcher->dispatch(Object(Cake\Network\Request), Object(Cake\Network\Response))
#1 {main}


2015-12-10 03:34:27 Error: [Cake\Routing\Exception\MissingControllerException] Controller class Login could not be found.
Exception Attributes: array (
  'class' => 'Login',
  'plugin' => NULL,
  'prefix' => NULL,
  '_ext' => NULL,
)
Request URL: /brar/login
Stack Trace:
#0 C:\wamp\www\brar\webroot\index.php(37): Cake\Routing\Dispatcher->dispatch(Object(Cake\Network\Request), Object(Cake\Network\Response))
#1 {main}


2015-12-10 03:34:57 Error: [Cake\Routing\Exception\MissingControllerException] Controller class Index could not be found.
Exception Attributes: array (
  'class' => 'Index',
  'plugin' => NULL,
  'prefix' => NULL,
  '_ext' => NULL,
)
Request URL: /brar/index
Stack Trace:
#0 C:\wamp\www\brar\webroot\index.php(37): Cake\Routing\Dispatcher->dispatch(Object(Cake\Network\Request), Object(Cake\Network\Response))
#1 {main}


